2026-06-21 22:36:27 - root - INFO - Logging configurado.
2026-06-21 22:36:27 - config.settings - INFO - Carrengando informações do projeto...
2026-06-21 22:36:27 - root - INFO - Obtido o app name: Analise de Pedidos Legitimos Recusados
2026-06-21 22:36:35 - root - INFO - 
    Spark Session iniciada:
    - SparkSession: <pyspark.sql.session.SparkSession object at 0x79f4c511cee0>
    - AppName: Analise de Pedidos Legitimos Recusados
    
2026-06-21 22:36:35 - pipeline.pipeline - INFO - Pipeline iniciado...
2026-06-21 22:36:35 - pipeline.pipeline - INFO - 
        Obtido os seguintes paramentros de pagamentos:
        - path:        ./trabalho-final-data-eng-prog/data-engineering-pyspark/data/input/dataset-json-pagamentos/data/pagamentos/
        - compression: gzip
        
2026-06-21 22:36:35 - pipeline.pipeline - INFO - Lendo o dataframe de pagamentos...
2026-06-21 22:36:35 - io_utils.data_handler - INFO - Carregando o dataframe pagamentos...
2026-06-21 22:36:36 - pipeline.pipeline - INFO - 
        Obtido os seguintes parametros de pedidos: 
        - path:                 ./trabalho-final-data-eng-prog/data-engineering-pyspark/data/input/data-csv-pedidos/data/pedidos/
        - compression_pedidos = gzip
        - header_pedidos =      True
        - separator_pedidos =   ;
        
2026-06-21 22:36:36 - pipeline.pipeline - INFO - Lendo o dataframe de pedidos...
2026-06-21 22:36:36 - io_utils.data_handler - INFO - Carregando o dataframe pedidos...
2026-06-21 22:36:36 - pipeline.pipeline - INFO - Join entre pagamentos e pedidos realizado com sucesso!
2026-06-21 22:36:36 - pipeline.pipeline - INFO - Filtro de pagamentos = false e fraude = false realizado com sucesso!
2026-06-21 22:36:36 - pipeline.pipeline - INFO - Colunas status e fraude removidas com sucesso!
2026-06-21 22:36:36 - pipeline.pipeline - INFO - Filtro de pedidos de 2025 realizado com sucesso!
2026-06-21 22:36:36 - pipeline.pipeline - INFO - Dataframe ordenado por UF, forma de pagamento e data de criação do pedido com sucesso!
2026-06-21 22:36:36 - pipeline.pipeline - INFO - Obtido o path de saída: ./trabalho-final-data-eng-prog/data-engineering-pyspark/data/output
2026-06-21 22:36:46 - io_utils.data_handler - INFO - Dados salvos com sucesso em: ./trabalho-final-data-eng-prog/data-engineering-pyspark/data/output
2026-06-21 22:36:46 - pipeline.pipeline - INFO - Arquivo parquet salvo em: ./trabalho-final-data-eng-prog/data-engineering-pyspark/data/output
2026-06-21 22:36:46 - pipeline.pipeline - INFO - Pipeline concluído com sucesso!
2026-06-21 22:36:46 - __main__ - INFO - Sessão spark finalizada.
2026-06-21 22:36:46 - py4j.clientserver - INFO - Closing down clientserver connection
2026-06-21 23:02:37 - root - INFO - Logging configurado.
2026-06-21 23:02:37 - config.settings - INFO - Informações do projeto carregadas.
2026-06-21 23:02:37 - root - INFO - Obtido o app name: Analise de Pedidos Legitimos Recusados
2026-06-21 23:02:45 - pipeline.pipeline - INFO - Pipeline iniciado...
2026-06-21 23:02:50 - io_utils.data_handler - INFO - Dataframe pagamentos carregado. | Registos: 60096
2026-06-21 23:02:50 - io_utils.data_handler - INFO - Dataframe pedidos carregado. | Registros: 60096
2026-06-21 23:02:51 - pipeline.pipeline - INFO - Join entre pagamentos e pedidos realizado com sucesso! | Registros: DataFrame[id_pedido: string, uf: string, forma_pagamento: string, valor_pagamento: float, data_criacao: timestamp, status: boolean, fraude: boolean]
2026-06-21 23:02:51 - pipeline.pipeline - INFO - Filtro de pagamentos = false e fraude = false realizado com sucesso! | Registros: DataFrame[id_pedido: string, uf: string, forma_pagamento: string, valor_pagamento: float, data_criacao: timestamp, status: boolean, fraude: boolean]
2026-06-21 23:02:51 - pipeline.pipeline - INFO - Colunas status e fraude removidas com sucesso! | Registros: DataFrame[id_pedido: string, uf: string, forma_pagamento: string, valor_pagamento: float, data_criacao: timestamp]
2026-06-21 23:02:51 - pipeline.pipeline - INFO - Filtro de pedidos de 2025 realizado com sucesso! | Registros: DataFrame[id_pedido: string, uf: string, forma_pagamento: string, valor_pagamento: float, data_criacao: timestamp]
2026-06-21 23:02:51 - pipeline.pipeline - INFO - Dataframe ordenado por UF, forma de pagamento e data de criação do pedido com sucesso!
2026-06-21 23:02:51 - pipeline.pipeline - INFO - Obtido o path de saída: ./trabalho-final-data-eng-prog/data-engineering-pyspark/data/output
2026-06-21 23:02:58 - io_utils.data_handler - INFO - Dados salvos com sucesso em: ./trabalho-final-data-eng-prog/data-engineering-pyspark/data/output
2026-06-21 23:02:58 - pipeline.pipeline - INFO - Arquivo parquet salvo em: ./trabalho-final-data-eng-prog/data-engineering-pyspark/data/output
2026-06-21 23:02:58 - pipeline.pipeline - INFO - Pipeline concluído com sucesso!
2026-06-21 23:02:58 - __main__ - INFO - Sessão spark finalizada.
2026-06-21 23:02:58 - py4j.clientserver - INFO - Closing down clientserver connection
2026-06-21 23:07:32 - root - INFO - Logging configurado.
2026-06-21 23:07:32 - config.settings - INFO - Informações do projeto carregadas.
2026-06-21 23:07:32 - root - INFO - Obtido o app name: Analise de Pedidos Legitimos Recusados
2026-06-21 23:07:40 - pipeline.pipeline - INFO - Pipeline iniciado...
2026-06-21 23:07:45 - io_utils.data_handler - INFO - Dataframe pagamentos carregado. | Registos: 60096
2026-06-21 23:07:45 - io_utils.data_handler - INFO - Dataframe pedidos carregado. | Registros: 60096
2026-06-21 23:07:48 - pipeline.pipeline - INFO - Join entre pagamentos e pedidos realizado com sucesso! | Registros: 60096
2026-06-21 23:07:50 - pipeline.pipeline - INFO - Filtro de pagamentos = false e fraude = false realizado com sucesso! | Registros: 2747
2026-06-21 23:07:52 - pipeline.pipeline - INFO - Colunas status e fraude removidas com sucesso! | Registros: 2747
2026-06-21 23:07:53 - pipeline.pipeline - INFO - Filtro de pedidos de 2025 realizado com sucesso! | Registros: 1473
2026-06-21 23:07:53 - pipeline.pipeline - INFO - Dataframe ordenado por UF, forma de pagamento e data de criação do pedido com sucesso!
2026-06-21 23:07:53 - pipeline.pipeline - INFO - Obtido o path de saída: ./trabalho-final-data-eng-prog/data-engineering-pyspark/data/output
2026-06-21 23:07:57 - io_utils.data_handler - INFO - Dados salvos com sucesso em: ./trabalho-final-data-eng-prog/data-engineering-pyspark/data/output
2026-06-21 23:07:57 - pipeline.pipeline - INFO - Arquivo parquet salvo em: ./trabalho-final-data-eng-prog/data-engineering-pyspark/data/output
2026-06-21 23:07:57 - pipeline.pipeline - INFO - Pipeline concluído com sucesso!
2026-06-21 23:07:58 - __main__ - INFO - Sessão spark finalizada.
2026-06-21 23:07:58 - py4j.clientserver - INFO - Closing down clientserver connection
